<?xml version="1.0" encoding="UTF-8"?>
<!-- Generated by org.testng.reporters.JUnitXMLReporter -->
<testsuite ignored="4" hostname="DESKTOP-8JJUN36" failures="0" tests="1" name="Default test" time="0.058" errors="0" timestamp="2024-12-23T00:28:59 EST">
  <testcase classname="com.array.Hello_Data" name="newMaps" time="0.019"/>
  <testcase classname="com.array.Hello_Data" name="stack" time="0.0">
    <ignored/>
  </testcase> <!-- stack -->
  <testcase classname="com.array.Hello_Data" name="Queues" time="0.0">
    <ignored/>
  </testcase> <!-- Queues -->
  <testcase classname="com.array.Hello_Data" name="hello" time="0.0">
    <ignored/>
  </testcase> <!-- hello -->
  <testcase classname="com.array.Hello_Data" name="priorityQ" time="0.0">
    <ignored/>
  </testcase> <!-- priorityQ -->
</testsuite> <!-- Default test -->
