<?xml version="1.0" encoding="UTF-8"?>
<testng-results ignored="4" total="5" passed="1" failed="0" skipped="0">
  <reporter-output>
  </reporter-output>
  <suite started-at="2024-12-23T00:28:59 EST" name="Default suite" finished-at="2024-12-23T00:28:59 EST" duration-ms="58">
    <groups>
    </groups>
    <test started-at="2024-12-23T00:28:59 EST" name="Default test" finished-at="2024-12-23T00:28:59 EST" duration-ms="58">
      <class name="com.array.Hello_Data">
        <test-method signature="newMaps()[pri:0, instance:com.array.Hello_Data@5b239d7d]" started-at="2024-12-23T00:28:59 EST" name="newMaps" finished-at="2024-12-23T00:28:59 EST" duration-ms="19" status="PASS">
          <reporter-output>
          </reporter-output>
        </test-method> <!-- newMaps -->
      </class> <!-- com.array.Hello_Data -->
    </test> <!-- Default test -->
  </suite> <!-- Default suite -->
</testng-results>
